
ROM used:   1051/8192 (13%)
            1051/8192 (13%) including unused fragments

            0.7 Average locations per line
            4.3 Average locations per statement

RAM used:   21/368 (6%) at main() level
            44/368 (12%) worst case

Stack used: 6 worst case (6 in main + 0 for interrupts)
Stack size: 8

Lines Stmts  %   Files
----- ----- ---  -----
  249   158  65  EJEMPLO2.c
  708     0   0  ..\..\..\..\..\..\Program Files (x86)\PICCDEMO\devices\16f877a.h
  456    84  35  ..\..\..\..\..\..\Program Files (x86)\PICCDEMO\drivers\lcd.c
----- -----
 1413   242 Total

Page ROM  %  RAM    Vol Diff  Functions:
---- --- --- ---    --- ----  ----------
0     21   2    1             @delay_ms1
 Inline         3    596  5.9  lcd_read_byte
0      6   1    0     59  4.2  lcd_read_nibble
0     12   1    1    179  3.3  lcd_send_nibble
0     64   6    3    460  4.7  lcd_send_byte
0     62   6    6    814  7.2  lcd_init
0     18   2    4    208  6.3  lcd_gotoxy
0     44   4    1    354  4.7  lcd_putc
0     49   5    0    187  3.0  MAIN
0     30   3    1     88  1.2  Mostrar_Mensaje_Inicial
0      6   1    0             @const757
0     86   8    4             @PSTRINGC7_726
0      8   1    0             @const762
0    157  15    6   1672  6.9  Ingresar_Codigo
0      8   1    0             @const767
0      4   0    0             @const768
0      8   1    0             @const769
0     44   4    2    258  4.0  Mostrar_Digitos
0      5   0    0             @const770
0    170  16    4    821  6.4  Verificar_Codigo
0      9   1    0             @const773
0      8   1    0             @const774
0      9   1    0             @const775
0     20   2    1     50  1.0  Reiniciar_Sistema
0      8   1    0             @const777
 Inline         1    176  1.7  Bloqueo_Sistema
0      9   1    0             @const778
0    156  15   12   1411  7.1  Configurar_Modo
0      9   1    0             @const784
0      9   1    0             @const786
0      8   1    0             @const787
 Inline         0             @cinit1

Program metrics:
    Functions               15
    Statements              242
    Comments                277
    Volume (V)              11669
    Difficulty (D)          64.5
    Effort to implement (E) 752446
    Time to implement (T)   11 hours, 37 minutes
    Est Delivered Bugs (B)  3
    Cyclomatic Complexity   32
    Maintainability (MI)    109

 Segment     Used  Free
-----------  ----  ----
00000-00003     4  0  
00004-007FF  1047  997  
00800-00FFF     0  2048  
01000-017FF     0  2048  
01800-01FFF     0  2048  



